!SESSION 2019-11-25 18:27:19.255 -----------------------------------------------
eclipse.buildId=unknown
java.version=13.0.1
java.vendor=Oracle Corporation
BootLoader constants: OS=win32, ARCH=x86_64, WS=win32, NL=de_DE
Framework arguments:  -application org.palladiosimulator.experimentautomation.application F:\Projekte\docker\docker\EclipseEMFPalladio\ExperimentData\model\Experiments\Capacity.experiments
Command-line arguments:  -application org.palladiosimulator.experimentautomation.application -data F:\eclipse\newWORKSPACE -dev file:F:/eclipse/newConfig/dev.properties -os win32 -ws win32 -arch x86_64 -consoleLog F:\Projekte\docker\docker\EclipseEMFPalladio\ExperimentData\model\Experiments\Capacity.experiments

!ENTRY org.eclipse.equinox.preferences 4 2 2019-11-25 18:27:35.205
!MESSAGE Problems occurred when invoking code from plug-in: "org.eclipse.equinox.preferences".
!STACK 0
java.lang.IllegalStateException: Workbench has not been created yet.
	at org.eclipse.ui.PlatformUI.getWorkbench(PlatformUI.java:95)
	at org.eclipse.debug.internal.ui.DebugUIPreferenceInitializer.setThemeBasedPreferences(DebugUIPreferenceInitializer.java:216)
	at org.eclipse.debug.internal.ui.DebugUIPreferenceInitializer.initializeDefaultPreferences(DebugUIPreferenceInitializer.java:85)
	at org.eclipse.core.internal.preferences.PreferenceServiceRegistryHelper$1.run(PreferenceServiceRegistryHelper.java:307)
	at org.eclipse.core.runtime.SafeRunner.run(SafeRunner.java:45)
	at org.eclipse.core.internal.preferences.PreferenceServiceRegistryHelper.runInitializer(PreferenceServiceRegistryHelper.java:310)
	at org.eclipse.core.internal.preferences.PreferenceServiceRegistryHelper.applyRuntimeDefaults(PreferenceServiceRegistryHelper.java:134)
	at org.eclipse.core.internal.preferences.PreferencesService.applyRuntimeDefaults(PreferencesService.java:374)
	at org.eclipse.core.internal.preferences.DefaultPreferences.applyRuntimeDefaults(DefaultPreferences.java:225)
	at org.eclipse.core.internal.preferences.DefaultPreferences.load(DefaultPreferences.java:279)
	at org.eclipse.core.internal.preferences.EclipsePreferences.create(EclipsePreferences.java:372)
	at org.eclipse.core.internal.preferences.EclipsePreferences.internalNode(EclipsePreferences.java:626)
	at org.eclipse.core.internal.preferences.EclipsePreferences.node(EclipsePreferences.java:769)
	at org.eclipse.core.internal.preferences.AbstractScope.getNode(AbstractScope.java:41)
	at org.eclipse.core.runtime.preferences.DefaultScope.getNode(DefaultScope.java:77)
	at org.eclipse.ui.preferences.ScopedPreferenceStore.getDefaultPreferences(ScopedPreferenceStore.java:222)
	at org.eclipse.ui.preferences.ScopedPreferenceStore.getPreferenceNodes(ScopedPreferenceStore.java:251)
	at org.eclipse.ui.preferences.ScopedPreferenceStore.internalGet(ScopedPreferenceStore.java:389)
	at org.eclipse.ui.preferences.ScopedPreferenceStore.getString(ScopedPreferenceStore.java:433)
	at org.eclipse.debug.internal.ui.launchConfigurations.PerspectiveManager.initPerspectives(PerspectiveManager.java:991)
	at org.eclipse.debug.internal.ui.launchConfigurations.PerspectiveManager.startup(PerspectiveManager.java:287)
	at org.eclipse.debug.internal.ui.DebugUIPlugin.start(DebugUIPlugin.java:545)
	at org.eclipse.osgi.internal.framework.BundleContextImpl$3.run(BundleContextImpl.java:842)
	at org.eclipse.osgi.internal.framework.BundleContextImpl$3.run(BundleContextImpl.java:1)
	at java.base/java.security.AccessController.doPrivileged(AccessController.java:554)
	at org.eclipse.osgi.internal.framework.BundleContextImpl.startActivator(BundleContextImpl.java:834)
	at org.eclipse.osgi.internal.framework.BundleContextImpl.start(BundleContextImpl.java:791)
	at org.eclipse.osgi.internal.framework.EquinoxBundle.startWorker0(EquinoxBundle.java:1015)
	at org.eclipse.osgi.internal.framework.EquinoxBundle$EquinoxModule.startWorker(EquinoxBundle.java:365)
	at org.eclipse.osgi.container.Module.doStart(Module.java:603)
	at org.eclipse.osgi.container.Module.start(Module.java:467)
	at org.eclipse.osgi.framework.util.SecureAction.start(SecureAction.java:493)
	at org.eclipse.osgi.internal.hooks.EclipseLazyStarter.postFindLocalClass(EclipseLazyStarter.java:117)
	at org.eclipse.osgi.internal.loader.classpath.ClasspathManager.findLocalClass(ClasspathManager.java:571)
	at org.eclipse.osgi.internal.loader.ModuleClassLoader.findLocalClass(ModuleClassLoader.java:330)
	at org.eclipse.osgi.internal.loader.BundleLoader.findLocalClass(BundleLoader.java:398)
	at org.eclipse.osgi.internal.loader.BundleLoader.findClassInternal(BundleLoader.java:476)
	at org.eclipse.osgi.internal.loader.BundleLoader.findClass(BundleLoader.java:425)
	at org.eclipse.osgi.internal.loader.BundleLoader.findClass(BundleLoader.java:417)
	at org.eclipse.osgi.internal.loader.ModuleClassLoader.loadClass(ModuleClassLoader.java:155)
	at java.base/java.lang.ClassLoader.loadClass(ClassLoader.java:521)
	at org.palladiosimulator.architecturaltemplates.jobs.config.ATExtensionConfigurationBuilder.buildConfiguration(ATExtensionConfigurationBuilder.java:23)
	at de.uka.ipd.sdq.workflow.extension.AbstractExtendableJob.handleJobExtensions(AbstractExtendableJob.java:77)
	at org.palladiosimulator.experimentautomation.application.jobs.RunExperimentAutomationJob.<init>(RunExperimentAutomationJob.java:62)
	at org.palladiosimulator.experimentautomation.application.jobs.RunExperimentAutomationJob.<init>(RunExperimentAutomationJob.java:31)
	at org.palladiosimulator.experimentautomation.application.ExperimentApplication.start(ExperimentApplication.java:80)
	at org.eclipse.equinox.internal.app.EclipseAppHandle.run(EclipseAppHandle.java:203)
	at org.eclipse.core.runtime.internal.adaptor.EclipseAppLauncher.runApplication(EclipseAppLauncher.java:137)
	at org.eclipse.core.runtime.internal.adaptor.EclipseAppLauncher.start(EclipseAppLauncher.java:107)
	at org.eclipse.core.runtime.adaptor.EclipseStarter.run(EclipseStarter.java:400)
	at org.eclipse.core.runtime.adaptor.EclipseStarter.run(EclipseStarter.java:255)
	at java.base/jdk.internal.reflect.NativeMethodAccessorImpl.invoke0(Native Method)
	at java.base/jdk.internal.reflect.NativeMethodAccessorImpl.invoke(NativeMethodAccessorImpl.java:62)
	at java.base/jdk.internal.reflect.DelegatingMethodAccessorImpl.invoke(DelegatingMethodAccessorImpl.java:43)
	at java.base/java.lang.reflect.Method.invoke(Method.java:567)
	at org.eclipse.equinox.launcher.Main.invokeFramework(Main.java:660)
	at org.eclipse.equinox.launcher.Main.basicRun(Main.java:597)
	at org.eclipse.equinox.launcher.Main.run(Main.java:1468)
	at org.eclipse.equinox.launcher.Main.main(Main.java:1441)

!ENTRY org.eclipse.osgi 4 0 2019-11-25 18:27:35.211
!MESSAGE An error occurred while automatically activating bundle org.eclipse.debug.ui (234).
!STACK 0
org.osgi.framework.BundleException: Exception in org.eclipse.debug.internal.ui.DebugUIPlugin.start() of bundle org.eclipse.debug.ui.
	at org.eclipse.osgi.internal.framework.BundleContextImpl.startActivator(BundleContextImpl.java:863)
	at org.eclipse.osgi.internal.framework.BundleContextImpl.start(BundleContextImpl.java:791)
	at org.eclipse.osgi.internal.framework.EquinoxBundle.startWorker0(EquinoxBundle.java:1015)
	at org.eclipse.osgi.internal.framework.EquinoxBundle$EquinoxModule.startWorker(EquinoxBundle.java:365)
	at org.eclipse.osgi.container.Module.doStart(Module.java:603)
	at org.eclipse.osgi.container.Module.start(Module.java:467)
	at org.eclipse.osgi.framework.util.SecureAction.start(SecureAction.java:493)
	at org.eclipse.osgi.internal.hooks.EclipseLazyStarter.postFindLocalClass(EclipseLazyStarter.java:117)
	at org.eclipse.osgi.internal.loader.classpath.ClasspathManager.findLocalClass(ClasspathManager.java:571)
	at org.eclipse.osgi.internal.loader.ModuleClassLoader.findLocalClass(ModuleClassLoader.java:330)
	at org.eclipse.osgi.internal.loader.BundleLoader.findLocalClass(BundleLoader.java:398)
	at org.eclipse.osgi.internal.loader.BundleLoader.findClassInternal(BundleLoader.java:476)
	at org.eclipse.osgi.internal.loader.BundleLoader.findClass(BundleLoader.java:425)
	at org.eclipse.osgi.internal.loader.BundleLoader.findClass(BundleLoader.java:417)
	at org.eclipse.osgi.internal.loader.ModuleClassLoader.loadClass(ModuleClassLoader.java:155)
	at java.base/java.lang.ClassLoader.loadClass(ClassLoader.java:521)
	at org.palladiosimulator.architecturaltemplates.jobs.config.ATExtensionConfigurationBuilder.buildConfiguration(ATExtensionConfigurationBuilder.java:23)
	at de.uka.ipd.sdq.workflow.extension.AbstractExtendableJob.handleJobExtensions(AbstractExtendableJob.java:77)
	at org.palladiosimulator.experimentautomation.application.jobs.RunExperimentAutomationJob.<init>(RunExperimentAutomationJob.java:62)
	at org.palladiosimulator.experimentautomation.application.jobs.RunExperimentAutomationJob.<init>(RunExperimentAutomationJob.java:31)
	at org.palladiosimulator.experimentautomation.application.ExperimentApplication.start(ExperimentApplication.java:80)
	at org.eclipse.equinox.internal.app.EclipseAppHandle.run(EclipseAppHandle.java:203)
	at org.eclipse.core.runtime.internal.adaptor.EclipseAppLauncher.runApplication(EclipseAppLauncher.java:137)
	at org.eclipse.core.runtime.internal.adaptor.EclipseAppLauncher.start(EclipseAppLauncher.java:107)
	at org.eclipse.core.runtime.adaptor.EclipseStarter.run(EclipseStarter.java:400)
	at org.eclipse.core.runtime.adaptor.EclipseStarter.run(EclipseStarter.java:255)
	at java.base/jdk.internal.reflect.NativeMethodAccessorImpl.invoke0(Native Method)
	at java.base/jdk.internal.reflect.NativeMethodAccessorImpl.invoke(NativeMethodAccessorImpl.java:62)
	at java.base/jdk.internal.reflect.DelegatingMethodAccessorImpl.invoke(DelegatingMethodAccessorImpl.java:43)
	at java.base/java.lang.reflect.Method.invoke(Method.java:567)
	at org.eclipse.equinox.launcher.Main.invokeFramework(Main.java:660)
	at org.eclipse.equinox.launcher.Main.basicRun(Main.java:597)
	at org.eclipse.equinox.launcher.Main.run(Main.java:1468)
	at org.eclipse.equinox.launcher.Main.main(Main.java:1441)
Caused by: java.lang.IllegalStateException: Workbench has not been created yet.
	at org.eclipse.ui.PlatformUI.getWorkbench(PlatformUI.java:95)
	at org.eclipse.debug.internal.ui.contextlaunching.LaunchingResourceManager.startup(LaunchingResourceManager.java:547)
	at org.eclipse.debug.internal.ui.DebugUIPlugin.getLaunchingResourceManager(DebugUIPlugin.java:338)
	at org.eclipse.debug.internal.ui.DebugUIPlugin.start(DebugUIPlugin.java:547)
	at org.eclipse.osgi.internal.framework.BundleContextImpl$3.run(BundleContextImpl.java:842)
	at org.eclipse.osgi.internal.framework.BundleContextImpl$3.run(BundleContextImpl.java:1)
	at java.base/java.security.AccessController.doPrivileged(AccessController.java:554)
	at org.eclipse.osgi.internal.framework.BundleContextImpl.startActivator(BundleContextImpl.java:834)
	... 33 more
Root exception:
java.lang.IllegalStateException: Workbench has not been created yet.
	at org.eclipse.ui.PlatformUI.getWorkbench(PlatformUI.java:95)
	at org.eclipse.debug.internal.ui.contextlaunching.LaunchingResourceManager.startup(LaunchingResourceManager.java:547)
	at org.eclipse.debug.internal.ui.DebugUIPlugin.getLaunchingResourceManager(DebugUIPlugin.java:338)
	at org.eclipse.debug.internal.ui.DebugUIPlugin.start(DebugUIPlugin.java:547)
	at org.eclipse.osgi.internal.framework.BundleContextImpl$3.run(BundleContextImpl.java:842)
	at org.eclipse.osgi.internal.framework.BundleContextImpl$3.run(BundleContextImpl.java:1)
	at java.base/java.security.AccessController.doPrivileged(AccessController.java:554)
	at org.eclipse.osgi.internal.framework.BundleContextImpl.startActivator(BundleContextImpl.java:834)
	at org.eclipse.osgi.internal.framework.BundleContextImpl.start(BundleContextImpl.java:791)
	at org.eclipse.osgi.internal.framework.EquinoxBundle.startWorker0(EquinoxBundle.java:1015)
	at org.eclipse.osgi.internal.framework.EquinoxBundle$EquinoxModule.startWorker(EquinoxBundle.java:365)
	at org.eclipse.osgi.container.Module.doStart(Module.java:603)
	at org.eclipse.osgi.container.Module.start(Module.java:467)
	at org.eclipse.osgi.framework.util.SecureAction.start(SecureAction.java:493)
	at org.eclipse.osgi.internal.hooks.EclipseLazyStarter.postFindLocalClass(EclipseLazyStarter.java:117)
	at org.eclipse.osgi.internal.loader.classpath.ClasspathManager.findLocalClass(ClasspathManager.java:571)
	at org.eclipse.osgi.internal.loader.ModuleClassLoader.findLocalClass(ModuleClassLoader.java:330)
	at org.eclipse.osgi.internal.loader.BundleLoader.findLocalClass(BundleLoader.java:398)
	at org.eclipse.osgi.internal.loader.BundleLoader.findClassInternal(BundleLoader.java:476)
	at org.eclipse.osgi.internal.loader.BundleLoader.findClass(BundleLoader.java:425)
	at org.eclipse.osgi.internal.loader.BundleLoader.findClass(BundleLoader.java:417)
	at org.eclipse.osgi.internal.loader.ModuleClassLoader.loadClass(ModuleClassLoader.java:155)
	at java.base/java.lang.ClassLoader.loadClass(ClassLoader.java:521)
	at org.palladiosimulator.architecturaltemplates.jobs.config.ATExtensionConfigurationBuilder.buildConfiguration(ATExtensionConfigurationBuilder.java:23)
	at de.uka.ipd.sdq.workflow.extension.AbstractExtendableJob.handleJobExtensions(AbstractExtendableJob.java:77)
	at org.palladiosimulator.experimentautomation.application.jobs.RunExperimentAutomationJob.<init>(RunExperimentAutomationJob.java:62)
	at org.palladiosimulator.experimentautomation.application.jobs.RunExperimentAutomationJob.<init>(RunExperimentAutomationJob.java:31)
	at org.palladiosimulator.experimentautomation.application.ExperimentApplication.start(ExperimentApplication.java:80)
	at org.eclipse.equinox.internal.app.EclipseAppHandle.run(EclipseAppHandle.java:203)
	at org.eclipse.core.runtime.internal.adaptor.EclipseAppLauncher.runApplication(EclipseAppLauncher.java:137)
	at org.eclipse.core.runtime.internal.adaptor.EclipseAppLauncher.start(EclipseAppLauncher.java:107)
	at org.eclipse.core.runtime.adaptor.EclipseStarter.run(EclipseStarter.java:400)
	at org.eclipse.core.runtime.adaptor.EclipseStarter.run(EclipseStarter.java:255)
	at java.base/jdk.internal.reflect.NativeMethodAccessorImpl.invoke0(Native Method)
	at java.base/jdk.internal.reflect.NativeMethodAccessorImpl.invoke(NativeMethodAccessorImpl.java:62)
	at java.base/jdk.internal.reflect.DelegatingMethodAccessorImpl.invoke(DelegatingMethodAccessorImpl.java:43)
	at java.base/java.lang.reflect.Method.invoke(Method.java:567)
	at org.eclipse.equinox.launcher.Main.invokeFramework(Main.java:660)
	at org.eclipse.equinox.launcher.Main.basicRun(Main.java:597)
	at org.eclipse.equinox.launcher.Main.run(Main.java:1468)
	at org.eclipse.equinox.launcher.Main.main(Main.java:1441)

!ENTRY org.eclipse.osgi 4 0 2019-11-25 18:27:35.223
!MESSAGE Application error
!STACK 1
java.lang.NoClassDefFoundError: org/palladiosimulator/architecturaltemplates/jobs/config/ATExtensionTab
	at org.palladiosimulator.architecturaltemplates.jobs.config.ATExtensionConfigurationBuilder.buildConfiguration(ATExtensionConfigurationBuilder.java:23)
	at de.uka.ipd.sdq.workflow.extension.AbstractExtendableJob.handleJobExtensions(AbstractExtendableJob.java:77)
	at org.palladiosimulator.experimentautomation.application.jobs.RunExperimentAutomationJob.<init>(RunExperimentAutomationJob.java:62)
	at org.palladiosimulator.experimentautomation.application.jobs.RunExperimentAutomationJob.<init>(RunExperimentAutomationJob.java:31)
	at org.palladiosimulator.experimentautomation.application.ExperimentApplication.start(ExperimentApplication.java:80)
	at org.eclipse.equinox.internal.app.EclipseAppHandle.run(EclipseAppHandle.java:203)
	at org.eclipse.core.runtime.internal.adaptor.EclipseAppLauncher.runApplication(EclipseAppLauncher.java:137)
	at org.eclipse.core.runtime.internal.adaptor.EclipseAppLauncher.start(EclipseAppLauncher.java:107)
	at org.eclipse.core.runtime.adaptor.EclipseStarter.run(EclipseStarter.java:400)
	at org.eclipse.core.runtime.adaptor.EclipseStarter.run(EclipseStarter.java:255)
	at java.base/jdk.internal.reflect.NativeMethodAccessorImpl.invoke0(Native Method)
	at java.base/jdk.internal.reflect.NativeMethodAccessorImpl.invoke(NativeMethodAccessorImpl.java:62)
	at java.base/jdk.internal.reflect.DelegatingMethodAccessorImpl.invoke(DelegatingMethodAccessorImpl.java:43)
	at java.base/java.lang.reflect.Method.invoke(Method.java:567)
	at org.eclipse.equinox.launcher.Main.invokeFramework(Main.java:660)
	at org.eclipse.equinox.launcher.Main.basicRun(Main.java:597)
	at org.eclipse.equinox.launcher.Main.run(Main.java:1468)
	at org.eclipse.equinox.launcher.Main.main(Main.java:1441)
Caused by: java.lang.ClassNotFoundException: An error occurred while automatically activating bundle org.eclipse.debug.ui (234).
	at org.eclipse.osgi.internal.hooks.EclipseLazyStarter.postFindLocalClass(EclipseLazyStarter.java:126)
	at org.eclipse.osgi.internal.loader.classpath.ClasspathManager.findLocalClass(ClasspathManager.java:571)
	at org.eclipse.osgi.internal.loader.ModuleClassLoader.findLocalClass(ModuleClassLoader.java:330)
	at org.eclipse.osgi.internal.loader.BundleLoader.findLocalClass(BundleLoader.java:398)
	at org.eclipse.osgi.internal.loader.BundleLoader.findClassInternal(BundleLoader.java:476)
	at org.eclipse.osgi.internal.loader.BundleLoader.findClass(BundleLoader.java:425)
	at org.eclipse.osgi.internal.loader.BundleLoader.findClass(BundleLoader.java:417)
	at org.eclipse.osgi.internal.loader.ModuleClassLoader.loadClass(ModuleClassLoader.java:155)
	at java.base/java.lang.ClassLoader.loadClass(ClassLoader.java:521)
	... 18 more
Caused by: org.osgi.framework.BundleException: Exception in org.eclipse.debug.internal.ui.DebugUIPlugin.start() of bundle org.eclipse.debug.ui.
	at org.eclipse.osgi.internal.framework.BundleContextImpl.startActivator(BundleContextImpl.java:863)
	at org.eclipse.osgi.internal.framework.BundleContextImpl.start(BundleContextImpl.java:791)
	at org.eclipse.osgi.internal.framework.EquinoxBundle.startWorker0(EquinoxBundle.java:1015)
	at org.eclipse.osgi.internal.framework.EquinoxBundle$EquinoxModule.startWorker(EquinoxBundle.java:365)
	at org.eclipse.osgi.container.Module.doStart(Module.java:603)
	at org.eclipse.osgi.container.Module.start(Module.java:467)
	at org.eclipse.osgi.framework.util.SecureAction.start(SecureAction.java:493)
	at org.eclipse.osgi.internal.hooks.EclipseLazyStarter.postFindLocalClass(EclipseLazyStarter.java:117)
	... 26 more
Caused by: java.lang.IllegalStateException: Workbench has not been created yet.
	at org.eclipse.ui.PlatformUI.getWorkbench(PlatformUI.java:95)
	at org.eclipse.debug.internal.ui.contextlaunching.LaunchingResourceManager.startup(LaunchingResourceManager.java:547)
	at org.eclipse.debug.internal.ui.DebugUIPlugin.getLaunchingResourceManager(DebugUIPlugin.java:338)
	at org.eclipse.debug.internal.ui.DebugUIPlugin.start(DebugUIPlugin.java:547)
	at org.eclipse.osgi.internal.framework.BundleContextImpl$3.run(BundleContextImpl.java:842)
	at org.eclipse.osgi.internal.framework.BundleContextImpl$3.run(BundleContextImpl.java:1)
	at java.base/java.security.AccessController.doPrivileged(AccessController.java:554)
	at org.eclipse.osgi.internal.framework.BundleContextImpl.startActivator(BundleContextImpl.java:834)
	... 33 more

!ENTRY org.eclipse.net4j.util 2 0 2019-11-25 18:27:35.386
!MESSAGE Problem while deactivating CDOViewProviderRegistryImpl
!STACK 0
java.lang.InterruptedException
	at java.base/java.util.concurrent.locks.AbstractQueuedSynchronizer.acquireSharedInterruptibly(AbstractQueuedSynchronizer.java:1343)
	at java.base/java.util.concurrent.Semaphore.acquire(Semaphore.java:318)
	at org.eclipse.net4j.util.lifecycle.Lifecycle.lock(Lifecycle.java:306)
	at org.eclipse.net4j.util.lifecycle.Lifecycle.internalDeactivate(Lifecycle.java:119)
	at org.eclipse.net4j.util.lifecycle.ShareableLifecycle.internalDeactivate(ShareableLifecycle.java:52)
	at org.eclipse.net4j.util.lifecycle.Lifecycle.deactivate(Lifecycle.java:167)
	at org.eclipse.net4j.util.lifecycle.LifecycleUtil.deactivate(LifecycleUtil.java:234)
	at org.eclipse.net4j.util.lifecycle.LifecycleUtil.deactivate(LifecycleUtil.java:224)
	at org.eclipse.net4j.util.lifecycle.LifecycleUtil.deactivate(LifecycleUtil.java:250)
	at org.eclipse.emf.internal.cdo.bundle.Activator$Implementation.doStop(Activator.java:129)
	at org.eclipse.emf.internal.cdo.bundle.Activator$Implementation.stop(Activator.java:99)
	at org.eclipse.osgi.internal.framework.BundleContextImpl$4.run(BundleContextImpl.java:899)
	at org.eclipse.osgi.internal.framework.BundleContextImpl$4.run(BundleContextImpl.java:1)
	at java.base/java.security.AccessController.doPrivileged(AccessController.java:554)
	at org.eclipse.osgi.internal.framework.BundleContextImpl.stop(BundleContextImpl.java:891)
	at org.eclipse.osgi.internal.framework.EquinoxBundle.stopWorker0(EquinoxBundle.java:1029)
	at org.eclipse.osgi.internal.framework.EquinoxBundle$EquinoxModule.stopWorker(EquinoxBundle.java:370)
	at org.eclipse.osgi.container.Module.doStop(Module.java:658)
	at org.eclipse.osgi.container.Module.stop(Module.java:520)
	at org.eclipse.osgi.container.ModuleContainer$ContainerStartLevel.decStartLevel(ModuleContainer.java:1885)
	at org.eclipse.osgi.container.ModuleContainer$ContainerStartLevel.doContainerStartLevel(ModuleContainer.java:1760)
	at org.eclipse.osgi.container.SystemModule.stopWorker(SystemModule.java:275)
	at org.eclipse.osgi.internal.framework.EquinoxBundle$SystemBundle$EquinoxSystemModule.stopWorker(EquinoxBundle.java:202)
	at org.eclipse.osgi.container.Module.doStop(Module.java:658)
	at org.eclipse.osgi.container.Module.stop(Module.java:520)
	at org.eclipse.osgi.container.SystemModule.stop(SystemModule.java:207)
	at org.eclipse.osgi.internal.framework.EquinoxBundle$SystemBundle$EquinoxSystemModule$1.run(EquinoxBundle.java:220)
	at java.base/java.lang.Thread.run(Thread.java:830)
